filtered_nov_dem
Original shape: (455, 211)
Cleaned shape: (455, 211)
Rank: 2 | iterations: 1000 | trials: 50
For rank 2,
Cophenetic Correlation of w: 0.946116
Cophenetic Correlation of h: 0.889060
filtered_nov_dem
Original shape: (455, 211)
Cleaned shape: (455, 211)
Rank: 3 | iterations: 1000 | trials: 50
For rank 3,
Cophenetic Correlation of w: 0.925901
Cophenetic Correlation of h: 0.802757
filtered_nov_dem
Original shape: (455, 211)
Cleaned shape: (455, 211)
Rank: 4 | iterations: 1000 | trials: 50
For rank 4,
Cophenetic Correlation of w: 0.796795
Cophenetic Correlation of h: 0.708931
filtered_nov_dem
Original shape: (455, 211)
Cleaned shape: (455, 211)
Rank: 5 | iterations: 1000 | trials: 50
For rank 5,
Cophenetic Correlation of w: 0.789350
Cophenetic Correlation of h: 0.730742
filtered_nov_dem
Original shape: (455, 211)
Cleaned shape: (455, 211)
Rank: 6 | iterations: 1000 | trials: 50
For rank 6,
Cophenetic Correlation of w: 0.791510
Cophenetic Correlation of h: 0.689537
filtered_nov_dem
Original shape: (455, 211)
Cleaned shape: (455, 211)
Rank: 7 | iterations: 1000 | trials: 50
For rank 7,
Cophenetic Correlation of w: 0.751239
Cophenetic Correlation of h: 0.643786
filtered_nov_dem
Original shape: (455, 211)
Cleaned shape: (455, 211)
Rank: 8 | iterations: 1000 | trials: 50
For rank 8,
Cophenetic Correlation of w: 0.717404
Cophenetic Correlation of h: 0.655353
filtered_nov_dem
Original shape: (455, 211)
Cleaned shape: (455, 211)
Rank: 9 | iterations: 1000 | trials: 50
For rank 9,
Cophenetic Correlation of w: 0.684759
Cophenetic Correlation of h: 0.687590
Starting batch run for: filtered_nov_dem
